Flow report for Lab04
Tue Apr  4 14:25:28 2023
Quartus Prime Version 17.1.0 Build 590 10/25/2017 SJ Lite Edition


---------------------
; Table of Contents ;
---------------------
  1. Legal Notice
  2. Flow Summary
  3. Flow Settings
  4. Flow Non-Default Global Settings
  5. Flow Elapsed Time
  6. Flow OS Summary
  7. Flow Log
  8. Flow Messages
  9. Flow Suppressed Messages



----------------
; Legal Notice ;
----------------
Copyright (C) 2017  Intel Corporation. All rights reserved.
Your use of Intel Corporation's design tools, logic functions 
and other software and tools, and its AMPP partner logic 
functions, and any output files from any of the foregoing 
(including device programming or simulation files), and any 
associated documentation or information are expressly subject 
to the terms and conditions of the Intel Program License 
Subscription Agreement, the Intel Quartus Prime License Agreement,
the Intel FPGA IP License Agreement, or other applicable license
agreement, including, without limitation, that your use is for
the sole purpose of programming logic devices manufactured by
Intel and sold by Intel or its authorized distributors.  Please
refer to the applicable agreement for further details.



+-------------------------------------------------------------------------------+
; Flow Summary                                                                  ;
+---------------------------------+---------------------------------------------+
; Flow Status                     ; Successful - Tue Apr  4 14:25:28 2023       ;
; Quartus Prime Version           ; 17.1.0 Build 590 10/25/2017 SJ Lite Edition ;
; Revision Name                   ; Lab04                                       ;
; Top-level Entity Name           ; ripple_carry_board                          ;
; Family                          ; Cyclone V                                   ;
; Device                          ; 5CSEMA5F31C6                                ;
; Timing Models                   ; Final                                       ;
; Logic utilization (in ALMs)     ; 17 / 32,070 ( < 1 % )                       ;
; Total registers                 ; 0                                           ;
; Total pins                      ; 30 / 457 ( 7 % )                            ;
; Total virtual pins              ; 0                                           ;
; Total block memory bits         ; 0 / 4,065,280 ( 0 % )                       ;
; Total DSP Blocks                ; 0 / 87 ( 0 % )                              ;
; Total HSSI RX PCSs              ; 0                                           ;
; Total HSSI PMA RX Deserializers ; 0                                           ;
; Total HSSI TX PCSs              ; 0                                           ;
; Total HSSI PMA TX Serializers   ; 0                                           ;
; Total PLLs                      ; 0 / 6 ( 0 % )                               ;
; Total DLLs                      ; 0 / 4 ( 0 % )                               ;
+---------------------------------+---------------------------------------------+


+-----------------------------------------+
; Flow Settings                           ;
+-------------------+---------------------+
; Option            ; Setting             ;
+-------------------+---------------------+
; Start date & time ; 04/04/2023 14:24:24 ;
; Main task         ; Compilation         ;
; Revision Name     ; Lab04               ;
+-------------------+---------------------+


+------------------------------------------------------------------------------------------------------------------------------------+
; Flow Non-Default Global Settings                                                                                                   ;
+-------------------------------------+----------------------------------------+---------------+--------------------+----------------+
; Assignment Name                     ; Value                                  ; Default Value ; Entity Name        ; Section Id     ;
+-------------------------------------+----------------------------------------+---------------+--------------------+----------------+
; COMPILER_SIGNATURE_ID               ; 273440552319698.168062906434971        ; --            ; --                 ; --             ;
; EDA_OUTPUT_DATA_FORMAT              ; Vhdl                                   ; --            ; --                 ; eda_simulation ;
; EDA_SIMULATION_TOOL                 ; ModelSim-Altera (VHDL)                 ; <None>        ; --                 ; --             ;
; EDA_TIME_SCALE                      ; 1 ps                                   ; --            ; --                 ; eda_simulation ;
; MAX_CORE_JUNCTION_TEMP              ; 85                                     ; --            ; --                 ; --             ;
; MIN_CORE_JUNCTION_TEMP              ; 0                                      ; --            ; --                 ; --             ;
; PARTITION_COLOR                     ; -- (Not supported for targeted family) ; --            ; ripple_carry_board ; Top            ;
; PARTITION_FITTER_PRESERVATION_LEVEL ; -- (Not supported for targeted family) ; --            ; ripple_carry_board ; Top            ;
; PARTITION_NETLIST_TYPE              ; -- (Not supported for targeted family) ; --            ; ripple_carry_board ; Top            ;
; POWER_BOARD_THERMAL_MODEL           ; None (CONSERVATIVE)                    ; --            ; --                 ; --             ;
; POWER_PRESET_COOLING_SOLUTION       ; 23 MM HEAT SINK WITH 200 LFPM AIRFLOW  ; --            ; --                 ; --             ;
; PROJECT_OUTPUT_DIRECTORY            ; output_files                           ; --            ; --                 ; --             ;
; TOP_LEVEL_ENTITY                    ; ripple_carry_board                     ; Lab04         ; --                 ; --             ;
+-------------------------------------+----------------------------------------+---------------+--------------------+----------------+


+-------------------------------------------------------------------------------------------------------------------------------+
; Flow Elapsed Time                                                                                                             ;
+---------------------------+--------------+-------------------------+---------------------+------------------------------------+
; Module Name               ; Elapsed Time ; Average Processors Used ; Peak Virtual Memory ; Total CPU Time (on all processors) ;
+---------------------------+--------------+-------------------------+---------------------+------------------------------------+
; Analysis & Synthesis      ; 00:00:10     ; 1.0                     ; 1219 MB             ; 00:00:18                           ;
; Fitter                    ; 00:00:34     ; 1.0                     ; 2594 MB             ; 00:00:44                           ;
; Assembler                 ; 00:00:08     ; 1.0                     ; 1162 MB             ; 00:00:06                           ;
; TimeQuest Timing Analyzer ; 00:00:06     ; 1.0                     ; 1396 MB             ; 00:00:04                           ;
; EDA Netlist Writer        ; 00:00:01     ; 1.0                     ; 1332 MB             ; 00:00:01                           ;
; Total                     ; 00:00:59     ; --                      ; --                  ; 00:01:13                           ;
+---------------------------+--------------+-------------------------+---------------------+------------------------------------+


+----------------------------------------------------------------------------------------------------+
; Flow OS Summary                                                                                    ;
+---------------------------+---------------------------+-------------+-------------+----------------+
; Module Name               ; Machine Hostname          ; OS Name     ; OS Version  ; Processor type ;
+---------------------------+---------------------------+-------------+-------------+----------------+
; Analysis & Synthesis      ; sabbath.lab.ic.unicamp.br ; Fedora Core ; Fedora Core ; x86_64         ;
; Fitter                    ; sabbath.lab.ic.unicamp.br ; Fedora Core ; Fedora Core ; x86_64         ;
; Assembler                 ; sabbath.lab.ic.unicamp.br ; Fedora Core ; Fedora Core ; x86_64         ;
; TimeQuest Timing Analyzer ; sabbath.lab.ic.unicamp.br ; Fedora Core ; Fedora Core ; x86_64         ;
; EDA Netlist Writer        ; sabbath.lab.ic.unicamp.br ; Fedora Core ; Fedora Core ; x86_64         ;
+---------------------------+---------------------------+-------------+-------------+----------------+


------------
; Flow Log ;
------------
quartus_map --read_settings_files=on --write_settings_files=off Lab04 -c Lab04
quartus_fit --read_settings_files=off --write_settings_files=off Lab04 -c Lab04
quartus_asm --read_settings_files=off --write_settings_files=off Lab04 -c Lab04
quartus_sta Lab04 -c Lab04
quartus_eda --read_settings_files=off --write_settings_files=off Lab04 -c Lab04



