Analysis & Synthesis report for Lab04
Tue Apr  4 14:24:35 2023
Quartus Prime Version 17.1.0 Build 590 10/25/2017 SJ Lite Edition


---------------------
; Table of Contents ;
---------------------
  1. Legal Notice
  2. Analysis & Synthesis Summary
  3. Analysis & Synthesis Settings
  4. Parallel Compilation
  5. Analysis & Synthesis Source Files Read
  6. Analysis & Synthesis Resource Usage Summary
  7. Analysis & Synthesis Resource Utilization by Entity
  8. General Register Statistics
  9. Parameter Settings for User Entity Instance: Top-level Entity: |ripple_carry_board
 10. Parameter Settings for User Entity Instance: ripple_carry:adder
 11. Port Connectivity Checks: "ripple_carry:adder"
 12. Post-Synthesis Netlist Statistics for Top Partition
 13. Elapsed Time Per Partition
 14. Analysis & Synthesis Messages



----------------
; Legal Notice ;
----------------
Copyright (C) 2017  Intel Corporation. All rights reserved.
Your use of Intel Corporation's design tools, logic functions 
and other software and tools, and its AMPP partner logic 
functions, and any output files from any of the foregoing 
(including device programming or simulation files), and any 
associated documentation or information are expressly subject 
to the terms and conditions of the Intel Program License 
Subscription Agreement, the Intel Quartus Prime License Agreement,
the Intel FPGA IP License Agreement, or other applicable license
agreement, including, without limitation, that your use is for
the sole purpose of programming logic devices manufactured by
Intel and sold by Intel or its authorized distributors.  Please
refer to the applicable agreement for further details.



+-------------------------------------------------------------------------------+
; Analysis & Synthesis Summary                                                  ;
+---------------------------------+---------------------------------------------+
; Analysis & Synthesis Status     ; Successful - Tue Apr  4 14:24:35 2023       ;
; Quartus Prime Version           ; 17.1.0 Build 590 10/25/2017 SJ Lite Edition ;
; Revision Name                   ; Lab04                                       ;
; Top-level Entity Name           ; ripple_carry_board                          ;
; Family                          ; Cyclone V                                   ;
; Logic utilization (in ALMs)     ; N/A                                         ;
; Total registers                 ; 0                                           ;
; Total pins                      ; 30                                          ;
; Total virtual pins              ; 0                                           ;
; Total block memory bits         ; 0                                           ;
; Total DSP Blocks                ; 0                                           ;
; Total HSSI RX PCSs              ; 0                                           ;
; Total HSSI PMA RX Deserializers ; 0                                           ;
; Total HSSI TX PCSs              ; 0                                           ;
; Total HSSI PMA TX Serializers   ; 0                                           ;
; Total PLLs                      ; 0                                           ;
; Total DLLs                      ; 0                                           ;
+---------------------------------+---------------------------------------------+


+---------------------------------------------------------------------------------------------------------------------------+
; Analysis & Synthesis Settings                                                                                             ;
+---------------------------------------------------------------------------------+--------------------+--------------------+
; Option                                                                          ; Setting            ; Default Value      ;
+---------------------------------------------------------------------------------+--------------------+--------------------+
; Device                                                                          ; 5CSEMA5F31C6       ;                    ;
; Top-level entity name                                                           ; ripple_carry_board ; Lab04              ;
; Family name                                                                     ; Cyclone V          ; Cyclone V          ;
; Use smart compilation                                                           ; Off                ; Off                ;
; Enable parallel Assembler and TimeQuest Timing Analyzer during compilation      ; On                 ; On                 ;
; Enable compact report table                                                     ; Off                ; Off                ;
; Restructure Multiplexers                                                        ; Auto               ; Auto               ;
; MLAB Add Timing Constraints For Mixed-Port Feed-Through Mode Setting Don't Care ; Off                ; Off                ;
; Create Debugging Nodes for IP Cores                                             ; Off                ; Off                ;
; Preserve fewer node names                                                       ; On                 ; On                 ;
; Intel FPGA IP Evaluation Mode                                                   ; Enable             ; Enable             ;
; Verilog Version                                                                 ; Verilog_2001       ; Verilog_2001       ;
; VHDL Version                                                                    ; VHDL_1993          ; VHDL_1993          ;
; State Machine Processing                                                        ; Auto               ; Auto               ;
; Safe State Machine                                                              ; Off                ; Off                ;
; Extract Verilog State Machines                                                  ; On                 ; On                 ;
; Extract VHDL State Machines                                                     ; On                 ; On                 ;
; Ignore Verilog initial constructs                                               ; Off                ; Off                ;
; Iteration limit for constant Verilog loops                                      ; 5000               ; 5000               ;
; Iteration limit for non-constant Verilog loops                                  ; 250                ; 250                ;
; Add Pass-Through Logic to Inferred RAMs                                         ; On                 ; On                 ;
; Infer RAMs from Raw Logic                                                       ; On                 ; On                 ;
; Parallel Synthesis                                                              ; On                 ; On                 ;
; DSP Block Balancing                                                             ; Auto               ; Auto               ;
; NOT Gate Push-Back                                                              ; On                 ; On                 ;
; Power-Up Don't Care                                                             ; On                 ; On                 ;
; Remove Redundant Logic Cells                                                    ; Off                ; Off                ;
; Remove Duplicate Registers                                                      ; On                 ; On                 ;
; Ignore CARRY Buffers                                                            ; Off                ; Off                ;
; Ignore CASCADE Buffers                                                          ; Off                ; Off                ;
; Ignore GLOBAL Buffers                                                           ; Off                ; Off                ;
; Ignore ROW GLOBAL Buffers                                                       ; Off                ; Off                ;
; Ignore LCELL Buffers                                                            ; Off                ; Off                ;
; Ignore SOFT Buffers                                                             ; On                 ; On                 ;
; Limit AHDL Integers to 32 Bits                                                  ; Off                ; Off                ;
; Optimization Technique                                                          ; Balanced           ; Balanced           ;
; Carry Chain Length                                                              ; 70                 ; 70                 ;
; Auto Carry Chains                                                               ; On                 ; On                 ;
; Auto Open-Drain Pins                                                            ; On                 ; On                 ;
; Perform WYSIWYG Primitive Resynthesis                                           ; Off                ; Off                ;
; Auto ROM Replacement                                                            ; On                 ; On                 ;
; Auto RAM Replacement                                                            ; On                 ; On                 ;
; Auto DSP Block Replacement                                                      ; On                 ; On                 ;
; Auto Shift Register Replacement                                                 ; Auto               ; Auto               ;
; Allow Shift Register Merging across Hierarchies                                 ; Auto               ; Auto               ;
; Auto Clock Enable Replacement                                                   ; On                 ; On                 ;
; Strict RAM Replacement                                                          ; Off                ; Off                ;
; Allow Synchronous Control Signals                                               ; On                 ; On                 ;
; Force Use of Synchronous Clear Signals                                          ; Off                ; Off                ;
; Auto Resource Sharing                                                           ; Off                ; Off                ;
; Allow Any RAM Size For Recognition                                              ; Off                ; Off                ;
; Allow Any ROM Size For Recognition                                              ; Off                ; Off                ;
; Allow Any Shift Register Size For Recognition                                   ; Off                ; Off                ;
; Use LogicLock Constraints during Resource Balancing                             ; On                 ; On                 ;
; Ignore translate_off and synthesis_off directives                               ; Off                ; Off                ;
; Timing-Driven Synthesis                                                         ; On                 ; On                 ;
; Report Parameter Settings                                                       ; On                 ; On                 ;
; Report Source Assignments                                                       ; On                 ; On                 ;
; Report Connectivity Checks                                                      ; On                 ; On                 ;
; Ignore Maximum Fan-Out Assignments                                              ; Off                ; Off                ;
; Synchronization Register Chain Length                                           ; 3                  ; 3                  ;
; Power Optimization During Synthesis                                             ; Normal compilation ; Normal compilation ;
; HDL message level                                                               ; Level2             ; Level2             ;
; Suppress Register Optimization Related Messages                                 ; Off                ; Off                ;
; Number of Removed Registers Reported in Synthesis Report                        ; 5000               ; 5000               ;
; Number of Swept Nodes Reported in Synthesis Report                              ; 5000               ; 5000               ;
; Number of Inverted Registers Reported in Synthesis Report                       ; 100                ; 100                ;
; Clock MUX Protection                                                            ; On                 ; On                 ;
; Auto Gated Clock Conversion                                                     ; Off                ; Off                ;
; Block Design Naming                                                             ; Auto               ; Auto               ;
; SDC constraint protection                                                       ; Off                ; Off                ;
; Synthesis Effort                                                                ; Auto               ; Auto               ;
; Shift Register Replacement - Allow Asynchronous Clear Signal                    ; On                 ; On                 ;
; Pre-Mapping Resynthesis Optimization                                            ; Off                ; Off                ;
; Analysis & Synthesis Message Level                                              ; Medium             ; Medium             ;
; Disable Register Merging Across Hierarchies                                     ; Auto               ; Auto               ;
; Resource Aware Inference For Block RAM                                          ; On                 ; On                 ;
; Automatic Parallel Synthesis                                                    ; On                 ; On                 ;
; Partial Reconfiguration Bitstream ID                                            ; Off                ; Off                ;
+---------------------------------------------------------------------------------+--------------------+--------------------+


+------------------------------------------+
; Parallel Compilation                     ;
+----------------------------+-------------+
; Processors                 ; Number      ;
+----------------------------+-------------+
; Number detected on machine ; 4           ;
; Maximum allowed            ; 4           ;
;                            ;             ;
; Average used               ; 1.00        ;
; Maximum used               ; 1           ;
;                            ;             ;
; Usage by Processor         ; % Time Used ;
;     Processor 1            ; 100.0%      ;
+----------------------------+-------------+


+---------------------------------------------------------------------------------------------------------------------------------------------------------------+
; Analysis & Synthesis Source Files Read                                                                                                                        ;
+----------------------------------+-----------------+-----------------+------------------------------------------------------------------------------+---------+
; File Name with User-Entered Path ; Used in Netlist ; File Type       ; File Name with Absolute Path                                                 ; Library ;
+----------------------------------+-----------------+-----------------+------------------------------------------------------------------------------+---------+
; bin2hex.vhd                      ; yes             ; User VHDL File  ; /home/ec2019-ceb/ra243360/Downloads/MC613/MC613/lab04/bin2hex.vhd            ;         ;
; ripple_carry_board.vhd           ; yes             ; User VHDL File  ; /home/ec2019-ceb/ra243360/Downloads/MC613/MC613/lab04/ripple_carry_board.vhd ;         ;
; ripple_carry.vhd                 ; yes             ; User VHDL File  ; /home/ec2019-ceb/ra243360/Downloads/MC613/MC613/lab04/ripple_carry.vhd       ;         ;
; full_adder.vhd                   ; yes             ; User VHDL File  ; /home/ec2019-ceb/ra243360/Downloads/MC613/MC613/lab04/full_adder.vhd         ;         ;
+----------------------------------+-----------------+-----------------+------------------------------------------------------------------------------+---------+


+-----------------------------------------------------------+
; Analysis & Synthesis Resource Usage Summary               ;
+---------------------------------------------+-------------+
; Resource                                    ; Usage       ;
+---------------------------------------------+-------------+
; Estimate of Logic utilization (ALMs needed) ; 17          ;
;                                             ;             ;
; Combinational ALUT usage for logic          ; 26          ;
;     -- 7 input functions                    ; 0           ;
;     -- 6 input functions                    ; 7           ;
;     -- 5 input functions                    ; 1           ;
;     -- 4 input functions                    ; 16          ;
;     -- <=3 input functions                  ; 2           ;
;                                             ;             ;
; Dedicated logic registers                   ; 0           ;
;                                             ;             ;
; I/O pins                                    ; 30          ;
;                                             ;             ;
; Total DSP Blocks                            ; 0           ;
;                                             ;             ;
; Maximum fan-out node                        ; SW[6]~input ;
; Maximum fan-out                             ; 15          ;
; Total fan-out                               ; 167         ;
; Average fan-out                             ; 1.94        ;
+---------------------------------------------+-------------+


+-------------------------------------------------------------------------------------------------------------------------------------------------------------------------------------------------------------------------------------------------------------------------+
; Analysis & Synthesis Resource Utilization by Entity                                                                                                                                                                                                                     ;
+----------------------------------------------+---------------------+---------------------------+-------------------+------------+------+--------------+-----------------------------------------------------------------------------+--------------------+--------------+
; Compilation Hierarchy Node                   ; Combinational ALUTs ; Dedicated Logic Registers ; Block Memory Bits ; DSP Blocks ; Pins ; Virtual Pins ; Full Hierarchy Name                                                         ; Entity Name        ; Library Name ;
+----------------------------------------------+---------------------+---------------------------+-------------------+------------+------+--------------+-----------------------------------------------------------------------------+--------------------+--------------+
; |ripple_carry_board                          ; 26 (0)              ; 0 (0)                     ; 0                 ; 0          ; 30   ; 0            ; |ripple_carry_board                                                         ; ripple_carry_board ; work         ;
;    |bin2hex:hex0creator|                     ; 7 (7)               ; 0 (0)                     ; 0                 ; 0          ; 0    ; 0            ; |ripple_carry_board|bin2hex:hex0creator                                     ; bin2hex            ; work         ;
;    |bin2hex:hex2creator|                     ; 7 (7)               ; 0 (0)                     ; 0                 ; 0          ; 0    ; 0            ; |ripple_carry_board|bin2hex:hex2creator                                     ; bin2hex            ; work         ;
;    |bin2hex:hex4creator|                     ; 7 (7)               ; 0 (0)                     ; 0                 ; 0          ; 0    ; 0            ; |ripple_carry_board|bin2hex:hex4creator                                     ; bin2hex            ; work         ;
;    |ripple_carry:adder|                      ; 5 (1)               ; 0 (0)                     ; 0                 ; 0          ; 0    ; 0            ; |ripple_carry_board|ripple_carry:adder                                      ; ripple_carry       ; work         ;
;       |full_adder:\RippleCarryAdder:0:adder| ; 1 (1)               ; 0 (0)                     ; 0                 ; 0          ; 0    ; 0            ; |ripple_carry_board|ripple_carry:adder|full_adder:\RippleCarryAdder:0:adder ; full_adder         ; work         ;
;       |full_adder:\RippleCarryAdder:1:adder| ; 2 (2)               ; 0 (0)                     ; 0                 ; 0          ; 0    ; 0            ; |ripple_carry_board|ripple_carry:adder|full_adder:\RippleCarryAdder:1:adder ; full_adder         ; work         ;
;       |full_adder:\RippleCarryAdder:3:adder| ; 1 (1)               ; 0 (0)                     ; 0                 ; 0          ; 0    ; 0            ; |ripple_carry_board|ripple_carry:adder|full_adder:\RippleCarryAdder:3:adder ; full_adder         ; work         ;
+----------------------------------------------+---------------------+---------------------------+-------------------+------------+------+--------------+-----------------------------------------------------------------------------+--------------------+--------------+
Note: For table entries with two numbers listed, the numbers in parentheses indicate the number of resources of the given type used by the specific entity alone. The numbers listed outside of parentheses indicate the total resources of the given type used by the specific entity and all of its sub-entities in the hierarchy.


+------------------------------------------------------+
; General Register Statistics                          ;
+----------------------------------------------+-------+
; Statistic                                    ; Value ;
+----------------------------------------------+-------+
; Total registers                              ; 0     ;
; Number of registers using Synchronous Clear  ; 0     ;
; Number of registers using Synchronous Load   ; 0     ;
; Number of registers using Asynchronous Clear ; 0     ;
; Number of registers using Asynchronous Load  ; 0     ;
; Number of registers using Clock Enable       ; 0     ;
; Number of registers using Preset             ; 0     ;
+----------------------------------------------+-------+


+------------------------------------------------------------------------------------+
; Parameter Settings for User Entity Instance: Top-level Entity: |ripple_carry_board ;
+----------------+-------+-----------------------------------------------------------+
; Parameter Name ; Value ; Type                                                      ;
+----------------+-------+-----------------------------------------------------------+
; N              ; 4     ; Signed Integer                                            ;
+----------------+-------+-----------------------------------------------------------+
Note: In order to hide this table in the UI and the text report file, please set the "Show Parameter Settings in Synthesis Report" option in "Analysis and Synthesis Settings -> More Settings" to "Off".


+-----------------------------------------------------------------+
; Parameter Settings for User Entity Instance: ripple_carry:adder ;
+----------------+-------+----------------------------------------+
; Parameter Name ; Value ; Type                                   ;
+----------------+-------+----------------------------------------+
; n              ; 4     ; Signed Integer                         ;
+----------------+-------+----------------------------------------+
Note: In order to hide this table in the UI and the text report file, please set the "Show Parameter Settings in Synthesis Report" option in "Analysis and Synthesis Settings -> More Settings" to "Off".


+----------------------------------------------------------------------------------------------------------------+
; Port Connectivity Checks: "ripple_carry:adder"                                                                 ;
+------+--------+----------+-------------------------------------------------------------------------------------+
; Port ; Type   ; Severity ; Details                                                                             ;
+------+--------+----------+-------------------------------------------------------------------------------------+
; cin  ; Input  ; Info     ; Stuck at GND                                                                        ;
; cout ; Output ; Info     ; Connected to dangling logic. Logic that only feeds a dangling port will be removed. ;
+------+--------+----------+-------------------------------------------------------------------------------------+


+-----------------------------------------------------+
; Post-Synthesis Netlist Statistics for Top Partition ;
+-----------------------+-----------------------------+
; Type                  ; Count                       ;
+-----------------------+-----------------------------+
; arriav_lcell_comb     ; 26                          ;
;     normal            ; 26                          ;
;         2 data inputs ; 2                           ;
;         4 data inputs ; 16                          ;
;         5 data inputs ; 1                           ;
;         6 data inputs ; 7                           ;
; boundary_port         ; 30                          ;
;                       ;                             ;
; Max LUT depth         ; 2.00                        ;
; Average LUT depth     ; 1.53                        ;
+-----------------------+-----------------------------+


+-------------------------------+
; Elapsed Time Per Partition    ;
+----------------+--------------+
; Partition Name ; Elapsed Time ;
+----------------+--------------+
; Top            ; 00:00:00     ;
+----------------+--------------+


+-------------------------------+
; Analysis & Synthesis Messages ;
+-------------------------------+
Info: *******************************************************************
Info: Running Quartus Prime Analysis & Synthesis
    Info: Version 17.1.0 Build 590 10/25/2017 SJ Lite Edition
    Info: Processing started: Tue Apr  4 14:24:24 2023
Info: Command: quartus_map --read_settings_files=on --write_settings_files=off Lab04 -c Lab04
Warning (18236): Number of processors has not been specified which may cause overloading on shared machines.  Set the global assignment NUM_PARALLEL_PROCESSORS in your QSF to an appropriate value for best performance.
Info (20030): Parallel compilation is enabled and will use 4 of the 4 processors detected
Info (12021): Found 2 design units, including 1 entities, in source file bin2hex.vhd
    Info (12022): Found design unit 1: bin2hex-LogicFunction2 File: /home/ec2019-ceb/ra243360/Downloads/MC613/MC613/lab04/bin2hex.vhd Line: 22
    Info (12023): Found entity 1: bin2hex File: /home/ec2019-ceb/ra243360/Downloads/MC613/MC613/lab04/bin2hex.vhd Line: 4
Info (12021): Found 2 design units, including 1 entities, in source file bin2dec.vhd
    Info (12022): Found design unit 1: bin2dec-Bin2DecLogicFunction File: /home/ec2019-ceb/ra243360/Downloads/MC613/MC613/lab04/bin2dec.vhd Line: 16
    Info (12023): Found entity 1: bin2dec File: /home/ec2019-ceb/ra243360/Downloads/MC613/MC613/lab04/bin2dec.vhd Line: 5
Info (12021): Found 2 design units, including 1 entities, in source file alu_board.vhd
    Info (12022): Found design unit 1: alu_board-behavioral File: /home/ec2019-ceb/ra243360/Downloads/MC613/MC613/lab04/alu_board.vhd Line: 12
    Info (12023): Found entity 1: alu_board File: /home/ec2019-ceb/ra243360/Downloads/MC613/MC613/lab04/alu_board.vhd Line: 4
Info (12021): Found 2 design units, including 1 entities, in source file ripple_carry_board.vhd
    Info (12022): Found design unit 1: ripple_carry_board-rtl File: /home/ec2019-ceb/ra243360/Downloads/MC613/MC613/lab04/ripple_carry_board.vhd Line: 17
    Info (12023): Found entity 1: ripple_carry_board File: /home/ec2019-ceb/ra243360/Downloads/MC613/MC613/lab04/ripple_carry_board.vhd Line: 4
Info (12021): Found 2 design units, including 1 entities, in source file alu.vhd
    Info (12022): Found design unit 1: alu-behavioral_alu File: /home/ec2019-ceb/ra243360/Downloads/MC613/MC613/lab04/alu.vhd Line: 13
    Info (12023): Found entity 1: alu File: /home/ec2019-ceb/ra243360/Downloads/MC613/MC613/lab04/alu.vhd Line: 4
Info (12021): Found 2 design units, including 1 entities, in source file two_comp_to_7seg.vhd
    Info (12022): Found design unit 1: two_comp_to_7seg-behavioral File: /home/ec2019-ceb/ra243360/Downloads/MC613/MC613/lab04/two_comp_to_7seg.vhd Line: 13
    Info (12023): Found entity 1: two_comp_to_7seg File: /home/ec2019-ceb/ra243360/Downloads/MC613/MC613/lab04/two_comp_to_7seg.vhd Line: 5
Info (12021): Found 2 design units, including 1 entities, in source file ripple_carry.vhd
    Info (12022): Found design unit 1: ripple_carry-rtl File: /home/ec2019-ceb/ra243360/Downloads/MC613/MC613/lab04/ripple_carry.vhd Line: 17
    Info (12023): Found entity 1: ripple_carry File: /home/ec2019-ceb/ra243360/Downloads/MC613/MC613/lab04/ripple_carry.vhd Line: 4
Info (12021): Found 2 design units, including 1 entities, in source file full_adder.vhd
    Info (12022): Found design unit 1: full_adder-structural File: /home/ec2019-ceb/ra243360/Downloads/MC613/MC613/lab04/full_adder.vhd Line: 13
    Info (12023): Found entity 1: full_adder File: /home/ec2019-ceb/ra243360/Downloads/MC613/MC613/lab04/full_adder.vhd Line: 4
Info (12127): Elaborating entity "ripple_carry_board" for the top level hierarchy
Info (12128): Elaborating entity "ripple_carry" for hierarchy "ripple_carry:adder" File: /home/ec2019-ceb/ra243360/Downloads/MC613/MC613/lab04/ripple_carry_board.vhd Line: 22
Info (12128): Elaborating entity "full_adder" for hierarchy "ripple_carry:adder|full_adder:\RippleCarryAdder:0:adder" File: /home/ec2019-ceb/ra243360/Downloads/MC613/MC613/lab04/ripple_carry.vhd Line: 23
Info (12128): Elaborating entity "bin2hex" for hierarchy "bin2hex:hex4creator" File: /home/ec2019-ceb/ra243360/Downloads/MC613/MC613/lab04/ripple_carry_board.vhd Line: 29
Info (286030): Timing-Driven Synthesis is running
Info (16010): Generating hard_block partition "hard_block:auto_generated_inst"
    Info (16011): Adding 0 node(s), including 0 DDIO, 0 PLL, 0 transceiver and 0 LCELL
Info (21057): Implemented 56 device resources after synthesis - the final resource count might be different
    Info (21058): Implemented 8 input pins
    Info (21059): Implemented 22 output pins
    Info (21061): Implemented 26 logic cells
Info: Quartus Prime Analysis & Synthesis was successful. 0 errors, 1 warning
    Info: Peak virtual memory: 1238 megabytes
    Info: Processing ended: Tue Apr  4 14:24:35 2023
    Info: Elapsed time: 00:00:11
    Info: Total CPU time (on all processors): 00:00:19


